{"/usr/src/app/src/app.ts": {"path":"/usr/src/app/src/app.ts","statementMap":{"0":{"start":{"line":1,"column":0},"end":{"line":1,"column":29}},"1":{"start":{"line":2,"column":0},"end":{"line":2,"column":29}},"2":{"start":{"line":3,"column":12},"end":{"line":3,"column":21}},"3":{"start":{"line":4,"column":0},"end":{"line":4,"column":23}},"4":{"start":{"line":5,"column":0},"end":{"line":5,"column":44}},"5":{"start":{"line":6,"column":0},"end":{"line":6,"column":44}},"6":{"start":{"line":7,"column":0},"end":{"line":7,"column":42}},"7":{"start":{"line":8,"column":0},"end":{"line":8,"column":48}},"8":{"start":{"line":10,"column":0},"end":{"line":10,"column":null}},"9":{"start":{"line":11,"column":0},"end":{"line":11,"column":null}},"10":{"start":{"line":13,"column":0},"end":{"line":13,"column":null}},"11":{"start":{"line":14,"column":0},"end":{"line":14,"column":null}},"12":{"start":{"line":15,"column":0},"end":{"line":15,"column":null}},"13":{"start":{"line":16,"column":0},"end":{"line":16,"column":null}},"14":{"start":{"line":18,"column":0},"end":{"line":18,"column":null}}},"fnMap":{},"branchMap":{},"s":{"0":3,"1":3,"2":3,"3":3,"4":3,"5":3,"6":3,"7":3,"8":3,"9":3,"10":3,"11":3,"12":3,"13":3,"14":3},"f":{},"b":{}}
,"/usr/src/app/src/api/middlewares/index.ts": {"path":"/usr/src/app/src/api/middlewares/index.ts","statementMap":{"0":{"start":{"line":4,"column":0},"end":{"line":4,"column":44}},"1":{"start":{"line":5,"column":0},"end":{"line":5,"column":76}},"2":{"start":{"line":6,"column":0},"end":{"line":6,"column":46}},"3":{"start":{"line":8,"column":23},"end":{"line":37,"column":null}},"4":{"start":{"line":12,"column":4},"end":{"line":37,"column":null}},"5":{"start":{"line":13,"column":24},"end":{"line":13,"column":49}},"6":{"start":{"line":14,"column":2},"end":{"line":15,"column":null}},"7":{"start":{"line":15,"column":4},"end":{"line":15,"column":null}},"8":{"start":{"line":17,"column":18},"end":{"line":17,"column":62}},"9":{"start":{"line":19,"column":2},"end":{"line":34,"column":3}},"10":{"start":{"line":20,"column":4},"end":{"line":33,"column":5}},"11":{"start":{"line":21,"column":24},"end":{"line":23,"column":null}},"12":{"start":{"line":25,"column":6},"end":{"line":29,"column":null}},"13":{"start":{"line":31,"column":6},"end":{"line":31,"column":null}},"14":{"start":{"line":32,"column":6},"end":{"line":32,"column":null}},"15":{"start":{"line":36,"column":2},"end":{"line":36,"column":null}},"16":{"start":{"line":67,"column":9},"end":{"line":67,"column":23}},"17":{"start":{"line":39,"column":21},"end":{"line":65,"column":1}},"18":{"start":{"line":46,"column":21},"end":{"line":46,"column":41}},"19":{"start":{"line":48,"column":2},"end":{"line":62,"column":3}},"20":{"start":{"line":52,"column":4},"end":{"line":53,"column":null}},"21":{"start":{"line":53,"column":6},"end":{"line":53,"column":null}},"22":{"start":{"line":54,"column":4},"end":{"line":55,"column":null}},"23":{"start":{"line":55,"column":6},"end":{"line":55,"column":null}},"24":{"start":{"line":56,"column":4},"end":{"line":57,"column":null}},"25":{"start":{"line":57,"column":6},"end":{"line":57,"column":null}},"26":{"start":{"line":58,"column":4},"end":{"line":59,"column":null}},"27":{"start":{"line":59,"column":6},"end":{"line":59,"column":null}},"28":{"start":{"line":60,"column":4},"end":{"line":61,"column":null}},"29":{"start":{"line":61,"column":6},"end":{"line":61,"column":null}},"30":{"start":{"line":64,"column":2},"end":{"line":64,"column":null}},"31":{"start":{"line":67,"column":25},"end":{"line":67,"column":37}}},"fnMap":{"0":{"name":"(anonymous_8)","decl":{"start":{"line":8,"column":23},"end":{"line":8,"column":null}},"loc":{"start":{"line":12,"column":4},"end":{"line":37,"column":null}}},"1":{"name":"(anonymous_9)","decl":{"start":{"line":12,"column":4},"end":{"line":12,"column":null}},"loc":{"start":{"line":12,"column":4},"end":{"line":37,"column":1}}},"2":{"name":"(anonymous_10)","decl":{"start":{"line":39,"column":21},"end":{"line":39,"column":null}},"loc":{"start":{"line":44,"column":4},"end":{"line":65,"column":1}}}},"branchMap":{"0":{"loc":{"start":{"line":14,"column":2},"end":{"line":15,"column":null}},"type":"if","locations":[{"start":{"line":14,"column":2},"end":{"line":15,"column":null}}]},"1":{"loc":{"start":{"line":14,"column":6},"end":{"line":14,"column":74}},"type":"binary-expr","locations":[{"start":{"line":14,"column":6},"end":{"line":14,"column":20}},{"start":{"line":14,"column":24},"end":{"line":14,"column":74}}]},"2":{"loc":{"start":{"line":19,"column":2},"end":{"line":34,"column":3}},"type":"if","locations":[{"start":{"line":19,"column":2},"end":{"line":34,"column":3}}]},"3":{"loc":{"start":{"line":48,"column":2},"end":{"line":62,"column":3}},"type":"if","locations":[{"start":{"line":48,"column":2},"end":{"line":62,"column":3}}]},"4":{"loc":{"start":{"line":49,"column":4},"end":{"line":50,"column":36}},"type":"binary-expr","locations":[{"start":{"line":49,"column":4},"end":{"line":49,"column":42}},{"start":{"line":50,"column":4},"end":{"line":50,"column":36}}]},"5":{"loc":{"start":{"line":52,"column":4},"end":{"line":53,"column":null}},"type":"if","locations":[{"start":{"line":52,"column":4},"end":{"line":53,"column":null}}]},"6":{"loc":{"start":{"line":54,"column":4},"end":{"line":55,"column":null}},"type":"if","locations":[{"start":{"line":54,"column":4},"end":{"line":55,"column":null}}]},"7":{"loc":{"start":{"line":56,"column":4},"end":{"line":57,"column":null}},"type":"if","locations":[{"start":{"line":56,"column":4},"end":{"line":57,"column":null}}]},"8":{"loc":{"start":{"line":58,"column":4},"end":{"line":59,"column":null}},"type":"if","locations":[{"start":{"line":58,"column":4},"end":{"line":59,"column":null}}]},"9":{"loc":{"start":{"line":60,"column":4},"end":{"line":61,"column":null}},"type":"if","locations":[{"start":{"line":60,"column":4},"end":{"line":61,"column":null}}]}},"s":{"0":3,"1":3,"2":3,"3":3,"4":20,"5":20,"6":20,"7":0,"8":20,"9":20,"10":20,"11":20,"12":20,"13":0,"14":0,"15":20,"16":3,"17":3,"18":7,"19":7,"20":7,"21":1,"22":7,"23":1,"24":7,"25":1,"26":7,"27":2,"28":7,"29":2,"30":7,"31":3},"f":{"0":20,"1":20,"2":7},"b":{"0":[0],"1":[20,20],"2":[20],"3":[7],"4":[7,2],"5":[1],"6":[1],"7":[1],"8":[2],"9":[2]}}
,"/usr/src/app/src/api/models/index.ts": {"path":"/usr/src/app/src/api/models/index.ts","statementMap":{"0":{"start":{"line":1,"column":0},"end":{"line":1,"column":7}},"1":{"start":{"line":7,"column":9},"end":{"line":1,"column":25}},"2":{"start":{"line":2,"column":0},"end":{"line":2,"column":7}},"3":{"start":{"line":7,"column":15},"end":{"line":2,"column":25}},"4":{"start":{"line":4,"column":0},"end":{"line":4,"column":null}},"5":{"start":{"line":5,"column":0},"end":{"line":5,"column":null}}},"fnMap":{},"branchMap":{},"s":{"0":3,"1":3,"2":3,"3":3,"4":3,"5":3},"f":{},"b":{}}
,"/usr/src/app/src/api/models/note.ts": {"path":"/usr/src/app/src/api/models/note.ts","statementMap":{"0":{"start":{"line":1,"column":0},"end":{"line":1,"column":44}},"1":{"start":{"line":2,"column":0},"end":{"line":2,"column":43}},"2":{"start":{"line":3,"column":0},"end":{"line":3,"column":45}},"3":{"start":{"line":12,"column":0},"end":{"line":49,"column":null}},"4":{"start":{"line":33,"column":24},"end":{"line":33,"column":40}},"5":{"start":{"line":34,"column":10},"end":{"line":34,"column":null}},"6":{"start":{"line":34,"column":22},"end":{"line":34,"column":null}},"7":{"start":{"line":35,"column":10},"end":{"line":35,"column":null}},"8":{"start":{"line":51,"column":0},"end":{"line":51,"column":null}}},"fnMap":{"0":{"name":"(anonymous_0)","decl":{"start":{"line":32,"column":8},"end":{"line":32,"column":20}},"loc":{"start":{"line":32,"column":34},"end":{"line":36,"column":9}}}},"branchMap":{"0":{"loc":{"start":{"line":34,"column":10},"end":{"line":34,"column":null}},"type":"if","locations":[{"start":{"line":34,"column":10},"end":{"line":34,"column":null}}]}},"s":{"0":3,"1":3,"2":3,"3":3,"4":11,"5":11,"6":2,"7":9,"8":3},"f":{"0":11},"b":{"0":[2]}}
,"/usr/src/app/src/api/models/user.ts": {"path":"/usr/src/app/src/api/models/user.ts","statementMap":{"0":{"start":{"line":1,"column":0},"end":{"line":1,"column":44}},"1":{"start":{"line":2,"column":0},"end":{"line":2,"column":43}},"2":{"start":{"line":12,"column":0},"end":{"line":49,"column":null}},"3":{"start":{"line":51,"column":0},"end":{"line":51,"column":null}}},"fnMap":{},"branchMap":{},"s":{"0":3,"1":3,"2":3,"3":3},"f":{},"b":{}}
,"/usr/src/app/src/api/routes/auth.ts": {"path":"/usr/src/app/src/api/routes/auth.ts","statementMap":{"0":{"start":{"line":1,"column":0},"end":{"line":1,"column":28}},"1":{"start":{"line":2,"column":0},"end":{"line":2,"column":30}},"2":{"start":{"line":3,"column":0},"end":{"line":3,"column":27}},"3":{"start":{"line":4,"column":0},"end":{"line":4,"column":32}},"4":{"start":{"line":5,"column":0},"end":{"line":5,"column":44}},"5":{"start":{"line":6,"column":0},"end":{"line":6,"column":48}},"6":{"start":{"line":7,"column":0},"end":{"line":7,"column":47}},"7":{"start":{"line":9,"column":14},"end":{"line":9,"column":29}},"8":{"start":{"line":11,"column":0},"end":{"line":44,"column":null}},"9":{"start":{"line":11,"column":40},"end":{"line":44,"column":2}},"10":{"start":{"line":12,"column":33},"end":{"line":12,"column":41}},"11":{"start":{"line":14,"column":15},"end":{"line":16,"column":4}},"12":{"start":{"line":19,"column":4},"end":{"line":19,"column":73}},"13":{"start":{"line":21,"column":2},"end":{"line":25,"column":3}},"14":{"start":{"line":22,"column":4},"end":{"line":24,"column":null}},"15":{"start":{"line":27,"column":23},"end":{"line":30,"column":null}},"16":{"start":{"line":32,"column":16},"end":{"line":32,"column":56}},"17":{"start":{"line":34,"column":2},"end":{"line":37,"column":null}},"18":{"start":{"line":39,"column":2},"end":{"line":39,"column":null}},"19":{"start":{"line":41,"column":2},"end":{"line":43,"column":null}},"20":{"start":{"line":46,"column":0},"end":{"line":50,"column":null}},"21":{"start":{"line":46,"column":60},"end":{"line":50,"column":2}},"22":{"start":{"line":47,"column":2},"end":{"line":47,"column":null}},"23":{"start":{"line":47,"column":31},"end":{"line":47,"column":null}},"24":{"start":{"line":48,"column":2},"end":{"line":48,"column":null}},"25":{"start":{"line":49,"column":2},"end":{"line":49,"column":null}},"26":{"start":{"line":52,"column":0},"end":{"line":52,"column":null}}},"fnMap":{"0":{"name":"(anonymous_8)","decl":{"start":{"line":11,"column":21},"end":{"line":11,"column":28}},"loc":{"start":{"line":11,"column":40},"end":{"line":44,"column":2}}},"1":{"name":"(anonymous_9)","decl":{"start":{"line":11,"column":40},"end":{"line":11,"column":null}},"loc":{"start":{"line":11,"column":40},"end":{"line":44,"column":1}}},"2":{"name":"(anonymous_10)","decl":{"start":{"line":46,"column":41},"end":{"line":46,"column":48}},"loc":{"start":{"line":46,"column":60},"end":{"line":50,"column":2}}},"3":{"name":"(anonymous_11)","decl":{"start":{"line":46,"column":60},"end":{"line":46,"column":null}},"loc":{"start":{"line":46,"column":60},"end":{"line":50,"column":1}}}},"branchMap":{"0":{"loc":{"start":{"line":19,"column":4},"end":{"line":19,"column":73}},"type":"cond-expr","locations":[{"start":{"line":19,"column":20},"end":{"line":19,"column":25}},{"start":{"line":19,"column":28},"end":{"line":19,"column":73}}]},"1":{"loc":{"start":{"line":21,"column":2},"end":{"line":25,"column":3}},"type":"if","locations":[{"start":{"line":21,"column":2},"end":{"line":25,"column":3}}]},"2":{"loc":{"start":{"line":21,"column":8},"end":{"line":21,"column":31}},"type":"binary-expr","locations":[{"start":{"line":21,"column":8},"end":{"line":21,"column":12}},{"start":{"line":21,"column":16},"end":{"line":21,"column":31}}]},"3":{"loc":{"start":{"line":47,"column":2},"end":{"line":47,"column":null}},"type":"if","locations":[{"start":{"line":47,"column":2},"end":{"line":47,"column":null}}]}},"s":{"0":3,"1":3,"2":3,"3":3,"4":3,"5":3,"6":3,"7":3,"8":3,"9":14,"10":14,"11":14,"12":14,"13":14,"14":2,"15":12,"16":12,"17":12,"18":12,"19":12,"20":3,"21":1,"22":1,"23":0,"24":1,"25":1,"26":3},"f":{"0":14,"1":14,"2":1,"3":1},"b":{"0":[1,13],"1":[2],"2":[14,13],"3":[0]}}
,"/usr/src/app/src/api/routes/notes.ts": {"path":"/usr/src/app/src/api/routes/notes.ts","statementMap":{"0":{"start":{"line":1,"column":0},"end":{"line":1,"column":28}},"1":{"start":{"line":2,"column":0},"end":{"line":2,"column":38}},"2":{"start":{"line":3,"column":0},"end":{"line":3,"column":47}},"3":{"start":{"line":4,"column":0},"end":{"line":4,"column":50}},"4":{"start":{"line":6,"column":14},"end":{"line":6,"column":29}},"5":{"start":{"line":8,"column":0},"end":{"line":23,"column":null}},"6":{"start":{"line":8,"column":50},"end":{"line":23,"column":2}},"7":{"start":{"line":9,"column":21},"end":{"line":9,"column":37}},"8":{"start":{"line":10,"column":16},"end":{"line":12,"column":null}},"9":{"start":{"line":14,"column":16},"end":{"line":21,"column":4}},"10":{"start":{"line":22,"column":2},"end":{"line":22,"column":null}},"11":{"start":{"line":25,"column":0},"end":{"line":33,"column":null}},"12":{"start":{"line":25,"column":51},"end":{"line":33,"column":2}},"13":{"start":{"line":26,"column":21},"end":{"line":26,"column":37}},"14":{"start":{"line":29,"column":2},"end":{"line":29,"column":null}},"15":{"start":{"line":31,"column":15},"end":{"line":31,"column":63}},"16":{"start":{"line":32,"column":2},"end":{"line":32,"column":null}},"17":{"start":{"line":35,"column":0},"end":{"line":58,"column":null}},"18":{"start":{"line":35,"column":53},"end":{"line":58,"column":2}},"19":{"start":{"line":36,"column":17},"end":{"line":36,"column":27}},"20":{"start":{"line":39,"column":2},"end":{"line":39,"column":null}},"21":{"start":{"line":41,"column":15},"end":{"line":47,"column":4}},"22":{"start":{"line":49,"column":2},"end":{"line":57,"column":3}},"23":{"start":{"line":50,"column":4},"end":{"line":50,"column":null}},"24":{"start":{"line":51,"column":4},"end":{"line":51,"column":null}},"25":{"start":{"line":52,"column":4},"end":{"line":52,"column":null}},"26":{"start":{"line":53,"column":4},"end":{"line":53,"column":null}},"27":{"start":{"line":54,"column":4},"end":{"line":54,"column":null}},"28":{"start":{"line":56,"column":4},"end":{"line":56,"column":null}},"29":{"start":{"line":60,"column":0},"end":{"line":71,"column":null}},"30":{"start":{"line":60,"column":56},"end":{"line":71,"column":2}},"31":{"start":{"line":61,"column":17},"end":{"line":61,"column":27}},"32":{"start":{"line":62,"column":15},"end":{"line":62,"column":38}},"33":{"start":{"line":63,"column":2},"end":{"line":63,"column":null}},"34":{"start":{"line":63,"column":13},"end":{"line":63,"column":null}},"35":{"start":{"line":65,"column":2},"end":{"line":67,"column":3}},"36":{"start":{"line":66,"column":4},"end":{"line":66,"column":null}},"37":{"start":{"line":69,"column":2},"end":{"line":69,"column":null}},"38":{"start":{"line":70,"column":2},"end":{"line":70,"column":null}},"39":{"start":{"line":73,"column":0},"end":{"line":73,"column":null}}},"fnMap":{"0":{"name":"(anonymous_8)","decl":{"start":{"line":8,"column":31},"end":{"line":8,"column":38}},"loc":{"start":{"line":8,"column":50},"end":{"line":23,"column":2}}},"1":{"name":"(anonymous_9)","decl":{"start":{"line":8,"column":50},"end":{"line":8,"column":null}},"loc":{"start":{"line":8,"column":50},"end":{"line":23,"column":1}}},"2":{"name":"(anonymous_10)","decl":{"start":{"line":25,"column":32},"end":{"line":25,"column":39}},"loc":{"start":{"line":25,"column":51},"end":{"line":33,"column":2}}},"3":{"name":"(anonymous_11)","decl":{"start":{"line":25,"column":51},"end":{"line":25,"column":null}},"loc":{"start":{"line":25,"column":51},"end":{"line":33,"column":1}}},"4":{"name":"(anonymous_12)","decl":{"start":{"line":35,"column":34},"end":{"line":35,"column":41}},"loc":{"start":{"line":35,"column":53},"end":{"line":58,"column":2}}},"5":{"name":"(anonymous_13)","decl":{"start":{"line":35,"column":53},"end":{"line":35,"column":null}},"loc":{"start":{"line":35,"column":53},"end":{"line":58,"column":1}}},"6":{"name":"(anonymous_14)","decl":{"start":{"line":60,"column":37},"end":{"line":60,"column":44}},"loc":{"start":{"line":60,"column":56},"end":{"line":71,"column":2}}},"7":{"name":"(anonymous_15)","decl":{"start":{"line":60,"column":56},"end":{"line":60,"column":null}},"loc":{"start":{"line":60,"column":56},"end":{"line":71,"column":1}}}},"branchMap":{"0":{"loc":{"start":{"line":29,"column":2},"end":{"line":29,"column":75}},"type":"cond-expr","locations":[{"start":{"line":29,"column":26},"end":{"line":29,"column":49}},{"start":{"line":29,"column":54},"end":{"line":29,"column":74}}]},"1":{"loc":{"start":{"line":39,"column":2},"end":{"line":39,"column":75}},"type":"cond-expr","locations":[{"start":{"line":39,"column":26},"end":{"line":39,"column":49}},{"start":{"line":39,"column":54},"end":{"line":39,"column":74}}]},"2":{"loc":{"start":{"line":49,"column":2},"end":{"line":57,"column":3}},"type":"if","locations":[{"start":{"line":49,"column":2},"end":{"line":57,"column":3}},{"start":{"line":55,"column":9},"end":{"line":57,"column":3}}]},"3":{"loc":{"start":{"line":63,"column":2},"end":{"line":63,"column":null}},"type":"if","locations":[{"start":{"line":63,"column":2},"end":{"line":63,"column":null}}]},"4":{"loc":{"start":{"line":65,"column":2},"end":{"line":67,"column":3}},"type":"if","locations":[{"start":{"line":65,"column":2},"end":{"line":67,"column":3}}]}},"s":{"0":3,"1":3,"2":3,"3":3,"4":3,"5":3,"6":5,"7":5,"8":5,"9":5,"10":5,"11":3,"12":9,"13":9,"14":9,"15":9,"16":7,"17":3,"18":3,"19":3,"20":3,"21":3,"22":3,"23":3,"24":3,"25":3,"26":3,"27":1,"28":0,"29":3,"30":2,"31":2,"32":2,"33":2,"34":1,"35":1,"36":0,"37":1,"38":1,"39":3},"f":{"0":5,"1":5,"2":9,"3":9,"4":3,"5":3,"6":2,"7":2},"b":{"0":[1,8],"1":[0,3],"2":[3,0],"3":[1],"4":[0]}}
,"/usr/src/app/src/api/routes/users.ts": {"path":"/usr/src/app/src/api/routes/users.ts","statementMap":{"0":{"start":{"line":1,"column":0},"end":{"line":1,"column":28}},"1":{"start":{"line":2,"column":0},"end":{"line":2,"column":38}},"2":{"start":{"line":3,"column":0},"end":{"line":3,"column":27}},"3":{"start":{"line":5,"column":14},"end":{"line":5,"column":29}},"4":{"start":{"line":7,"column":0},"end":{"line":16,"column":null}},"5":{"start":{"line":7,"column":35},"end":{"line":16,"column":2}},"6":{"start":{"line":8,"column":16},"end":{"line":14,"column":4}},"7":{"start":{"line":15,"column":2},"end":{"line":15,"column":null}},"8":{"start":{"line":18,"column":0},"end":{"line":28,"column":null}},"9":{"start":{"line":18,"column":37},"end":{"line":28,"column":2}},"10":{"start":{"line":19,"column":17},"end":{"line":19,"column":27}},"11":{"start":{"line":20,"column":16},"end":{"line":26,"column":4}},"12":{"start":{"line":27,"column":2},"end":{"line":27,"column":null}},"13":{"start":{"line":30,"column":0},"end":{"line":42,"column":null}},"14":{"start":{"line":30,"column":35},"end":{"line":42,"column":2}},"15":{"start":{"line":31,"column":21},"end":{"line":31,"column":23}},"16":{"start":{"line":33,"column":2},"end":{"line":37,"column":3}},"17":{"start":{"line":34,"column":4},"end":{"line":34,"column":null}},"18":{"start":{"line":36,"column":4},"end":{"line":36,"column":null}},"19":{"start":{"line":38,"column":15},"end":{"line":38,"column":73}},"20":{"start":{"line":39,"column":2},"end":{"line":41,"column":null}},"21":{"start":{"line":44,"column":0},"end":{"line":44,"column":null}}},"fnMap":{"0":{"name":"(anonymous_8)","decl":{"start":{"line":7,"column":15},"end":{"line":7,"column":22}},"loc":{"start":{"line":7,"column":35},"end":{"line":16,"column":2}}},"1":{"name":"(anonymous_9)","decl":{"start":{"line":7,"column":35},"end":{"line":7,"column":null}},"loc":{"start":{"line":7,"column":35},"end":{"line":16,"column":1}}},"2":{"name":"(anonymous_10)","decl":{"start":{"line":18,"column":18},"end":{"line":18,"column":25}},"loc":{"start":{"line":18,"column":37},"end":{"line":28,"column":2}}},"3":{"name":"(anonymous_11)","decl":{"start":{"line":18,"column":37},"end":{"line":18,"column":null}},"loc":{"start":{"line":18,"column":37},"end":{"line":28,"column":1}}},"4":{"name":"(anonymous_12)","decl":{"start":{"line":30,"column":16},"end":{"line":30,"column":23}},"loc":{"start":{"line":30,"column":35},"end":{"line":42,"column":2}}},"5":{"name":"(anonymous_13)","decl":{"start":{"line":30,"column":35},"end":{"line":30,"column":null}},"loc":{"start":{"line":30,"column":35},"end":{"line":42,"column":1}}}},"branchMap":{"0":{"loc":{"start":{"line":33,"column":2},"end":{"line":37,"column":3}},"type":"if","locations":[{"start":{"line":33,"column":2},"end":{"line":37,"column":3}},{"start":{"line":35,"column":9},"end":{"line":37,"column":3}}]}},"s":{"0":3,"1":3,"2":3,"3":3,"4":3,"5":2,"6":2,"7":2,"8":3,"9":2,"10":2,"11":2,"12":2,"13":3,"14":20,"15":20,"16":20,"17":1,"18":19,"19":20,"20":17,"21":3},"f":{"0":2,"1":2,"2":2,"3":2,"4":20,"5":20},"b":{"0":[1,19]}}
,"/usr/src/app/src/config/config.ts": {"path":"/usr/src/app/src/config/config.ts","statementMap":{"0":{"start":{"line":1,"column":0},"end":{"line":1,"column":22}},"1":{"start":{"line":2,"column":21},"end":{"line":2,"column":45}},"2":{"start":{"line":7,"column":9},"end":{"line":7,"column":21}},"3":{"start":{"line":3,"column":13},"end":{"line":3,"column":37}},"4":{"start":{"line":7,"column":23},"end":{"line":7,"column":27}},"5":{"start":{"line":4,"column":15},"end":{"line":4,"column":33}},"6":{"start":{"line":7,"column":29},"end":{"line":7,"column":35}},"7":{"start":{"line":5,"column":18},"end":{"line":5,"column":39}},"8":{"start":{"line":7,"column":37},"end":{"line":7,"column":46}},"9":{"start":{"line":6,"column":18},"end":{"line":6,"column":35}},"10":{"start":{"line":7,"column":48},"end":{"line":7,"column":57}}},"fnMap":{},"branchMap":{"0":{"loc":{"start":{"line":3,"column":13},"end":{"line":3,"column":37}},"type":"binary-expr","locations":[{"start":{"line":3,"column":13},"end":{"line":3,"column":29}},{"start":{"line":3,"column":33},"end":{"line":3,"column":37}}]}},"s":{"0":3,"1":3,"2":3,"3":3,"4":3,"5":3,"6":3,"7":3,"8":3,"9":3,"10":3},"f":{},"b":{"0":[3,0]}}
,"/usr/src/app/src/config/db.ts": {"path":"/usr/src/app/src/config/db.ts","statementMap":{"0":{"start":{"line":1,"column":0},"end":{"line":1,"column":37}},"1":{"start":{"line":2,"column":0},"end":{"line":2,"column":47}},"2":{"start":{"line":3,"column":0},"end":{"line":3,"column":47}},"3":{"start":{"line":5,"column":18},"end":{"line":5,"column":75}},"4":{"start":{"line":43,"column":28},"end":{"line":43,"column":37}},"5":{"start":{"line":7,"column":14},"end":{"line":14,"column":2}},"6":{"start":{"line":16,"column":26},"end":{"line":27,"column":null}},"7":{"start":{"line":16,"column":37},"end":{"line":27,"column":null}},"8":{"start":{"line":17,"column":2},"end":{"line":24,"column":3}},"9":{"start":{"line":18,"column":4},"end":{"line":18,"column":null}},"10":{"start":{"line":19,"column":4},"end":{"line":19,"column":null}},"11":{"start":{"line":20,"column":4},"end":{"line":20,"column":null}},"12":{"start":{"line":22,"column":4},"end":{"line":22,"column":null}},"13":{"start":{"line":23,"column":4},"end":{"line":23,"column":null}},"14":{"start":{"line":26,"column":2},"end":{"line":26,"column":null}},"15":{"start":{"line":43,"column":9},"end":{"line":43,"column":26}},"16":{"start":{"line":31,"column":22},"end":{"line":36,"column":null}},"17":{"start":{"line":31,"column":33},"end":{"line":36,"column":null}},"18":{"start":{"line":32,"column":21},"end":{"line":32,"column":37}},"19":{"start":{"line":33,"column":2},"end":{"line":35,"column":null}},"20":{"start":{"line":34,"column":35},"end":{"line":34,"column":43}},"21":{"start":{"line":38,"column":26},"end":{"line":41,"column":null}},"22":{"start":{"line":38,"column":37},"end":{"line":41,"column":null}},"23":{"start":{"line":39,"column":2},"end":{"line":39,"column":null}},"24":{"start":{"line":40,"column":2},"end":{"line":40,"column":null}},"25":{"start":{"line":43,"column":39},"end":{"line":43,"column":56}}},"fnMap":{"0":{"name":"(anonymous_7)","decl":{"start":{"line":16,"column":26},"end":{"line":16,"column":35}},"loc":{"start":{"line":16,"column":37},"end":{"line":27,"column":null}}},"1":{"name":"(anonymous_8)","decl":{"start":{"line":16,"column":37},"end":{"line":16,"column":null}},"loc":{"start":{"line":16,"column":37},"end":{"line":27,"column":1}}},"2":{"name":"(anonymous_9)","decl":{"start":{"line":31,"column":22},"end":{"line":31,"column":31}},"loc":{"start":{"line":31,"column":33},"end":{"line":36,"column":null}}},"3":{"name":"(anonymous_10)","decl":{"start":{"line":31,"column":33},"end":{"line":31,"column":null}},"loc":{"start":{"line":31,"column":33},"end":{"line":36,"column":1}}},"4":{"name":"(anonymous_11)","decl":{"start":{"line":34,"column":26},"end":{"line":34,"column":27}},"loc":{"start":{"line":34,"column":35},"end":{"line":34,"column":43}}},"5":{"name":"(anonymous_12)","decl":{"start":{"line":38,"column":26},"end":{"line":38,"column":35}},"loc":{"start":{"line":38,"column":37},"end":{"line":41,"column":null}}},"6":{"name":"(anonymous_13)","decl":{"start":{"line":38,"column":37},"end":{"line":38,"column":null}},"loc":{"start":{"line":38,"column":37},"end":{"line":41,"column":1}}}},"branchMap":{},"s":{"0":3,"1":3,"2":3,"3":3,"4":3,"5":3,"6":3,"7":0,"8":0,"9":0,"10":0,"11":0,"12":0,"13":0,"14":0,"15":3,"16":3,"17":0,"18":0,"19":0,"20":0,"21":3,"22":0,"23":0,"24":0,"25":3},"f":{"0":0,"1":0,"2":0,"3":0,"4":0,"5":0,"6":0},"b":{}}
,"/usr/src/app/src/config/redis.ts": {"path":"/usr/src/app/src/config/redis.ts","statementMap":{"0":{"start":{"line":1,"column":0},"end":{"line":1,"column":36}},"1":{"start":{"line":3,"column":0},"end":{"line":3,"column":44}},"2":{"start":{"line":5,"column":20},"end":{"line":7,"column":2}},"3":{"start":{"line":9,"column":9},"end":{"line":9,"column":20}}},"fnMap":{},"branchMap":{},"s":{"0":3,"1":3,"2":3,"3":3},"f":{},"b":{}}
,"/usr/src/app/src/utils/test-helper.ts": {"path":"/usr/src/app/src/utils/test-helper.ts","statementMap":{"0":{"start":{"line":1,"column":0},"end":{"line":1,"column":33}},"1":{"start":{"line":2,"column":0},"end":{"line":2,"column":24}},"2":{"start":{"line":4,"column":12},"end":{"line":4,"column":26}},"3":{"start":{"line":6,"column":13},"end":{"line":10,"column":null}},"4":{"start":{"line":12,"column":13},"end":{"line":15,"column":null}},"5":{"start":{"line":17,"column":13},"end":{"line":21,"column":null}},"6":{"start":{"line":29,"column":16},"end":{"line":36,"column":null}},"7":{"start":{"line":29,"column":76},"end":{"line":36,"column":null}},"8":{"start":{"line":30,"column":15},"end":{"line":34,"column":48}},"9":{"start":{"line":35,"column":2},"end":{"line":35,"column":null}},"10":{"start":{"line":100,"column":9},"end":{"line":100,"column":16}},"11":{"start":{"line":38,"column":20},"end":{"line":45,"column":null}},"12":{"start":{"line":38,"column":48},"end":{"line":45,"column":null}},"13":{"start":{"line":39,"column":15},"end":{"line":42,"column":48}},"14":{"start":{"line":44,"column":2},"end":{"line":44,"column":null}},"15":{"start":{"line":100,"column":18},"end":{"line":100,"column":29}},"16":{"start":{"line":47,"column":16},"end":{"line":53,"column":null}},"17":{"start":{"line":47,"column":52},"end":{"line":53,"column":null}},"18":{"start":{"line":48,"column":15},"end":{"line":51,"column":48}},"19":{"start":{"line":52,"column":2},"end":{"line":52,"column":null}},"20":{"start":{"line":100,"column":31},"end":{"line":100,"column":38}},"21":{"start":{"line":55,"column":14},"end":{"line":62,"column":null}},"22":{"start":{"line":55,"column":77},"end":{"line":62,"column":null}},"23":{"start":{"line":56,"column":16},"end":{"line":60,"column":48}},"24":{"start":{"line":61,"column":2},"end":{"line":61,"column":null}},"25":{"start":{"line":100,"column":40},"end":{"line":100,"column":45}},"26":{"start":{"line":64,"column":16},"end":{"line":75,"column":null}},"27":{"start":{"line":67,"column":19},"end":{"line":75,"column":null}},"28":{"start":{"line":68,"column":19},"end":{"line":73,"column":48}},"29":{"start":{"line":74,"column":2},"end":{"line":74,"column":null}},"30":{"start":{"line":100,"column":47},"end":{"line":100,"column":54}},"31":{"start":{"line":77,"column":17},"end":{"line":84,"column":null}},"32":{"start":{"line":77,"column":58},"end":{"line":84,"column":null}},"33":{"start":{"line":78,"column":16},"end":{"line":82,"column":48}},"34":{"start":{"line":83,"column":2},"end":{"line":83,"column":null}},"35":{"start":{"line":100,"column":56},"end":{"line":100,"column":64}},"36":{"start":{"line":86,"column":20},"end":{"line":98,"column":null}},"37":{"start":{"line":90,"column":19},"end":{"line":98,"column":null}},"38":{"start":{"line":91,"column":22},"end":{"line":96,"column":48}},"39":{"start":{"line":97,"column":2},"end":{"line":97,"column":null}},"40":{"start":{"line":100,"column":66},"end":{"line":100,"column":77}}},"fnMap":{"0":{"name":"(anonymous_8)","decl":{"start":{"line":29,"column":16},"end":{"line":29,"column":23}},"loc":{"start":{"line":29,"column":76},"end":{"line":36,"column":null}}},"1":{"name":"(anonymous_9)","decl":{"start":{"line":29,"column":76},"end":{"line":29,"column":null}},"loc":{"start":{"line":29,"column":76},"end":{"line":36,"column":1}}},"2":{"name":"(anonymous_10)","decl":{"start":{"line":38,"column":20},"end":{"line":38,"column":46}},"loc":{"start":{"line":38,"column":48},"end":{"line":45,"column":null}}},"3":{"name":"(anonymous_11)","decl":{"start":{"line":38,"column":48},"end":{"line":38,"column":null}},"loc":{"start":{"line":38,"column":48},"end":{"line":45,"column":1}}},"4":{"name":"(anonymous_12)","decl":{"start":{"line":47,"column":16},"end":{"line":47,"column":23}},"loc":{"start":{"line":47,"column":52},"end":{"line":53,"column":null}}},"5":{"name":"(anonymous_13)","decl":{"start":{"line":47,"column":52},"end":{"line":47,"column":null}},"loc":{"start":{"line":47,"column":52},"end":{"line":53,"column":1}}},"6":{"name":"(anonymous_14)","decl":{"start":{"line":55,"column":14},"end":{"line":55,"column":21}},"loc":{"start":{"line":55,"column":77},"end":{"line":62,"column":null}}},"7":{"name":"(anonymous_15)","decl":{"start":{"line":55,"column":77},"end":{"line":55,"column":null}},"loc":{"start":{"line":55,"column":77},"end":{"line":62,"column":1}}},"8":{"name":"(anonymous_16)","decl":{"start":{"line":64,"column":16},"end":{"line":64,"column":null}},"loc":{"start":{"line":67,"column":19},"end":{"line":75,"column":null}}},"9":{"name":"(anonymous_17)","decl":{"start":{"line":67,"column":19},"end":{"line":67,"column":null}},"loc":{"start":{"line":67,"column":19},"end":{"line":75,"column":1}}},"10":{"name":"(anonymous_18)","decl":{"start":{"line":77,"column":17},"end":{"line":77,"column":24}},"loc":{"start":{"line":77,"column":58},"end":{"line":84,"column":null}}},"11":{"name":"(anonymous_19)","decl":{"start":{"line":77,"column":58},"end":{"line":77,"column":null}},"loc":{"start":{"line":77,"column":58},"end":{"line":84,"column":1}}},"12":{"name":"(anonymous_20)","decl":{"start":{"line":86,"column":20},"end":{"line":86,"column":null}},"loc":{"start":{"line":90,"column":19},"end":{"line":98,"column":null}}},"13":{"name":"(anonymous_21)","decl":{"start":{"line":90,"column":19},"end":{"line":90,"column":null}},"loc":{"start":{"line":90,"column":19},"end":{"line":98,"column":1}}}},"branchMap":{"0":{"loc":{"start":{"line":29,"column":23},"end":{"line":29,"column":53}},"type":"default-arg","locations":[{"start":{"line":29,"column":46},"end":{"line":29,"column":53}}]},"1":{"loc":{"start":{"line":55,"column":21},"end":{"line":55,"column":55}},"type":"default-arg","locations":[{"start":{"line":55,"column":46},"end":{"line":55,"column":55}}]},"2":{"loc":{"start":{"line":66,"column":2},"end":{"line":66,"column":38}},"type":"default-arg","locations":[{"start":{"line":66,"column":25},"end":{"line":66,"column":38}}]}},"s":{"0":3,"1":3,"2":3,"3":3,"4":3,"5":3,"6":3,"7":17,"8":17,"9":17,"10":3,"11":3,"12":2,"13":2,"14":2,"15":3,"16":3,"17":2,"18":2,"19":2,"20":3,"21":3,"22":12,"23":12,"24":12,"25":3,"26":3,"27":7,"28":7,"29":7,"30":3,"31":3,"32":5,"33":5,"34":5,"35":3,"36":3,"37":1,"38":1,"39":1,"40":3},"f":{"0":17,"1":17,"2":2,"3":2,"4":2,"5":2,"6":12,"7":12,"8":7,"9":7,"10":5,"11":5,"12":1,"13":1},"b":{"0":[17],"1":[12],"2":[6]}}
,"/usr/src/app/src/utils/utils.ts": {"path":"/usr/src/app/src/utils/utils.ts","statementMap":{"0":{"start":{"line":1,"column":0},"end":{"line":1,"column":45}},"1":{"start":{"line":4,"column":24},"end":{"line":6,"column":1}},"2":{"start":{"line":5,"column":2},"end":{"line":5,"column":null}},"3":{"start":{"line":4,"column":13},"end":{"line":4,"column":24}},"4":{"start":{"line":8,"column":24},"end":{"line":10,"column":1}},"5":{"start":{"line":9,"column":2},"end":{"line":9,"column":null}},"6":{"start":{"line":8,"column":13},"end":{"line":8,"column":24}},"7":{"start":{"line":12,"column":26},"end":{"line":16,"column":null}},"8":{"start":{"line":12,"column":68},"end":{"line":16,"column":null}},"9":{"start":{"line":13,"column":18},"end":{"line":13,"column":46}},"10":{"start":{"line":14,"column":2},"end":{"line":14,"column":null}},"11":{"start":{"line":14,"column":16},"end":{"line":14,"column":null}},"12":{"start":{"line":15,"column":2},"end":{"line":15,"column":null}},"13":{"start":{"line":12,"column":13},"end":{"line":12,"column":26}},"14":{"start":{"line":18,"column":30},"end":{"line":28,"column":1}},"15":{"start":{"line":19,"column":14},"end":{"line":19,"column":42}},"16":{"start":{"line":20,"column":16},"end":{"line":20,"column":45}},"17":{"start":{"line":21,"column":15},"end":{"line":21,"column":47}},"18":{"start":{"line":23,"column":22},"end":{"line":25,"column":3}},"19":{"start":{"line":24,"column":4},"end":{"line":24,"column":null}},"20":{"start":{"line":27,"column":2},"end":{"line":27,"column":null}},"21":{"start":{"line":18,"column":13},"end":{"line":18,"column":30}},"22":{"start":{"line":30,"column":25},"end":{"line":40,"column":1}},"23":{"start":{"line":31,"column":20},"end":{"line":31,"column":35}},"24":{"start":{"line":32,"column":12},"end":{"line":32,"column":24}},"25":{"start":{"line":33,"column":14},"end":{"line":33,"column":26}},"26":{"start":{"line":34,"column":13},"end":{"line":34,"column":25}},"27":{"start":{"line":35,"column":2},"end":{"line":35,"column":null}},"28":{"start":{"line":35,"column":55},"end":{"line":35,"column":null}},"29":{"start":{"line":36,"column":2},"end":{"line":36,"column":null}},"30":{"start":{"line":36,"column":24},"end":{"line":36,"column":null}},"31":{"start":{"line":37,"column":2},"end":{"line":37,"column":null}},"32":{"start":{"line":37,"column":26},"end":{"line":37,"column":null}},"33":{"start":{"line":38,"column":2},"end":{"line":38,"column":null}},"34":{"start":{"line":38,"column":47},"end":{"line":38,"column":null}},"35":{"start":{"line":39,"column":2},"end":{"line":39,"column":null}},"36":{"start":{"line":30,"column":13},"end":{"line":30,"column":25}}},"fnMap":{"0":{"name":"(anonymous_7)","decl":{"start":{"line":4,"column":24},"end":{"line":4,"column":25}},"loc":{"start":{"line":4,"column":58},"end":{"line":6,"column":1}}},"1":{"name":"(anonymous_8)","decl":{"start":{"line":8,"column":24},"end":{"line":8,"column":25}},"loc":{"start":{"line":8,"column":62},"end":{"line":10,"column":1}}},"2":{"name":"(anonymous_9)","decl":{"start":{"line":12,"column":26},"end":{"line":12,"column":33}},"loc":{"start":{"line":12,"column":68},"end":{"line":16,"column":null}}},"3":{"name":"(anonymous_10)","decl":{"start":{"line":12,"column":68},"end":{"line":12,"column":null}},"loc":{"start":{"line":12,"column":68},"end":{"line":16,"column":1}}},"4":{"name":"(anonymous_11)","decl":{"start":{"line":18,"column":30},"end":{"line":18,"column":41}},"loc":{"start":{"line":18,"column":43},"end":{"line":28,"column":1}}},"5":{"name":"(anonymous_12)","decl":{"start":{"line":23,"column":22},"end":{"line":23,"column":23}},"loc":{"start":{"line":23,"column":47},"end":{"line":25,"column":3}}},"6":{"name":"(anonymous_13)","decl":{"start":{"line":30,"column":25},"end":{"line":30,"column":26}},"loc":{"start":{"line":30,"column":51},"end":{"line":40,"column":1}}}},"branchMap":{"0":{"loc":{"start":{"line":5,"column":9},"end":{"line":5,"column":59}},"type":"binary-expr","locations":[{"start":{"line":5,"column":9},"end":{"line":5,"column":33}},{"start":{"line":5,"column":37},"end":{"line":5,"column":59}}]},"1":{"loc":{"start":{"line":9,"column":9},"end":{"line":9,"column":63}},"type":"binary-expr","locations":[{"start":{"line":9,"column":9},"end":{"line":9,"column":35}},{"start":{"line":9,"column":39},"end":{"line":9,"column":63}}]},"2":{"loc":{"start":{"line":14,"column":2},"end":{"line":14,"column":null}},"type":"if","locations":[{"start":{"line":14,"column":2},"end":{"line":14,"column":null}}]},"3":{"loc":{"start":{"line":24,"column":11},"end":{"line":24,"column":48}},"type":"cond-expr","locations":[{"start":{"line":24,"column":31},"end":{"line":24,"column":41}},{"start":{"line":24,"column":44},"end":{"line":24,"column":48}}]},"4":{"loc":{"start":{"line":35,"column":2},"end":{"line":35,"column":null}},"type":"if","locations":[{"start":{"line":35,"column":2},"end":{"line":35,"column":null}}]},"5":{"loc":{"start":{"line":35,"column":6},"end":{"line":35,"column":53}},"type":"binary-expr","locations":[{"start":{"line":35,"column":6},"end":{"line":35,"column":18}},{"start":{"line":35,"column":22},"end":{"line":35,"column":36}},{"start":{"line":35,"column":40},"end":{"line":35,"column":53}}]},"6":{"loc":{"start":{"line":36,"column":2},"end":{"line":36,"column":null}},"type":"if","locations":[{"start":{"line":36,"column":2},"end":{"line":36,"column":null}}]},"7":{"loc":{"start":{"line":37,"column":2},"end":{"line":37,"column":null}},"type":"if","locations":[{"start":{"line":37,"column":2},"end":{"line":37,"column":null}}]},"8":{"loc":{"start":{"line":38,"column":2},"end":{"line":38,"column":null}},"type":"if","locations":[{"start":{"line":38,"column":2},"end":{"line":38,"column":null}}]}},"s":{"0":3,"1":3,"2":0,"3":3,"4":3,"5":0,"6":3,"7":3,"8":21,"9":21,"10":21,"11":0,"12":21,"13":3,"14":3,"15":2,"16":2,"17":2,"18":2,"19":4,"20":2,"21":3,"22":3,"23":11,"24":11,"25":11,"26":11,"27":11,"28":0,"29":11,"30":0,"31":11,"32":2,"33":9,"34":0,"35":9,"36":3},"f":{"0":0,"1":0,"2":21,"3":21,"4":2,"5":4,"6":11},"b":{"0":[0,0],"1":[0,0],"2":[0],"3":[0,4],"4":[0],"5":[11,11,11],"6":[0],"7":[2],"8":[0]}}
}
