TN:
SF:src/app.ts
FNF:0
FNH:0
DA:1,3
DA:2,3
DA:3,3
DA:4,3
DA:5,3
DA:6,3
DA:7,3
DA:8,3
DA:10,3
DA:11,3
DA:13,3
DA:14,3
DA:15,3
DA:16,3
DA:18,3
LF:15
LH:15
BRF:0
BRH:0
end_of_record
TN:
SF:src/api/middlewares/index.ts
FN:8,(anonymous_8)
FN:12,(anonymous_9)
FN:39,(anonymous_10)
FNF:3
FNH:3
FNDA:20,(anonymous_8)
FNDA:20,(anonymous_9)
FNDA:7,(anonymous_10)
DA:4,3
DA:5,3
DA:6,3
DA:8,3
DA:12,20
DA:13,20
DA:14,20
DA:15,0
DA:17,20
DA:19,20
DA:20,20
DA:21,20
DA:25,20
DA:31,0
DA:32,0
DA:36,20
DA:39,3
DA:46,7
DA:48,7
DA:52,7
DA:53,1
DA:54,7
DA:55,1
DA:56,7
DA:57,1
DA:58,7
DA:59,2
DA:60,7
DA:61,2
DA:64,7
DA:67,3
LF:31
LH:28
BRDA:14,0,0,0
BRDA:14,1,0,20
BRDA:14,1,1,20
BRDA:19,2,0,20
BRDA:48,3,0,7
BRDA:49,4,0,7
BRDA:49,4,1,2
BRDA:52,5,0,1
BRDA:54,6,0,1
BRDA:56,7,0,1
BRDA:58,8,0,2
BRDA:60,9,0,2
BRF:12
BRH:11
end_of_record
TN:
SF:src/api/models/index.ts
FNF:0
FNH:0
DA:1,3
DA:2,3
DA:4,3
DA:5,3
DA:7,3
LF:5
LH:5
BRF:0
BRH:0
end_of_record
TN:
SF:src/api/models/note.ts
FN:32,(anonymous_0)
FNF:1
FNH:1
FNDA:11,(anonymous_0)
DA:1,3
DA:2,3
DA:3,3
DA:12,3
DA:33,11
DA:34,11
DA:35,9
DA:51,3
LF:8
LH:8
BRDA:34,0,0,2
BRF:1
BRH:1
end_of_record
TN:
SF:src/api/models/user.ts
FNF:0
FNH:0
DA:1,3
DA:2,3
DA:12,3
DA:51,3
LF:4
LH:4
BRF:0
BRH:0
end_of_record
TN:
SF:src/api/routes/auth.ts
FN:11,(anonymous_8)
FN:11,(anonymous_9)
FN:46,(anonymous_10)
FN:46,(anonymous_11)
FNF:4
FNH:4
FNDA:14,(anonymous_8)
FNDA:14,(anonymous_9)
FNDA:1,(anonymous_10)
FNDA:1,(anonymous_11)
DA:1,3
DA:2,3
DA:3,3
DA:4,3
DA:5,3
DA:6,3
DA:7,3
DA:9,3
DA:11,14
DA:12,14
DA:14,14
DA:19,14
DA:21,14
DA:22,2
DA:27,12
DA:32,12
DA:34,12
DA:39,12
DA:41,12
DA:46,3
DA:47,1
DA:48,1
DA:49,1
DA:52,3
LF:24
LH:24
BRDA:19,0,0,1
BRDA:19,0,1,13
BRDA:21,1,0,2
BRDA:21,2,0,14
BRDA:21,2,1,13
BRDA:47,3,0,0
BRF:6
BRH:5
end_of_record
TN:
SF:src/api/routes/notes.ts
FN:8,(anonymous_8)
FN:8,(anonymous_9)
FN:25,(anonymous_10)
FN:25,(anonymous_11)
FN:35,(anonymous_12)
FN:35,(anonymous_13)
FN:60,(anonymous_14)
FN:60,(anonymous_15)
FNF:8
FNH:8
FNDA:5,(anonymous_8)
FNDA:5,(anonymous_9)
FNDA:9,(anonymous_10)
FNDA:9,(anonymous_11)
FNDA:3,(anonymous_12)
FNDA:3,(anonymous_13)
FNDA:2,(anonymous_14)
FNDA:2,(anonymous_15)
DA:1,3
DA:2,3
DA:3,3
DA:4,3
DA:6,3
DA:8,5
DA:9,5
DA:10,5
DA:14,5
DA:22,5
DA:25,9
DA:26,9
DA:29,9
DA:31,9
DA:32,7
DA:35,3
DA:36,3
DA:39,3
DA:41,3
DA:49,3
DA:50,3
DA:51,3
DA:52,3
DA:53,3
DA:54,1
DA:56,0
DA:60,3
DA:61,2
DA:62,2
DA:63,2
DA:65,1
DA:66,0
DA:69,1
DA:70,1
DA:73,3
LF:35
LH:33
BRDA:29,0,0,1
BRDA:29,0,1,8
BRDA:39,1,0,0
BRDA:39,1,1,3
BRDA:49,2,0,3
BRDA:49,2,1,0
BRDA:63,3,0,1
BRDA:65,4,0,0
BRF:8
BRH:5
end_of_record
TN:
SF:src/api/routes/users.ts
FN:7,(anonymous_8)
FN:7,(anonymous_9)
FN:18,(anonymous_10)
FN:18,(anonymous_11)
FN:30,(anonymous_12)
FN:30,(anonymous_13)
FNF:6
FNH:6
FNDA:2,(anonymous_8)
FNDA:2,(anonymous_9)
FNDA:2,(anonymous_10)
FNDA:2,(anonymous_11)
FNDA:20,(anonymous_12)
FNDA:20,(anonymous_13)
DA:1,3
DA:2,3
DA:3,3
DA:5,3
DA:7,3
DA:8,2
DA:15,2
DA:18,3
DA:19,2
DA:20,2
DA:27,2
DA:30,20
DA:31,20
DA:33,20
DA:34,1
DA:36,19
DA:38,20
DA:39,17
DA:44,3
LF:19
LH:19
BRDA:33,0,0,1
BRDA:33,0,1,19
BRF:2
BRH:2
end_of_record
TN:
SF:src/config/config.ts
FNF:0
FNH:0
DA:1,3
DA:2,3
DA:3,3
DA:4,3
DA:5,3
DA:6,3
DA:7,3
LF:7
LH:7
BRDA:3,0,0,3
BRDA:3,0,1,0
BRF:2
BRH:1
end_of_record
TN:
SF:src/config/db.ts
FN:16,(anonymous_7)
FN:16,(anonymous_8)
FN:31,(anonymous_9)
FN:31,(anonymous_10)
FN:34,(anonymous_11)
FN:38,(anonymous_12)
FN:38,(anonymous_13)
FNF:7
FNH:0
FNDA:0,(anonymous_7)
FNDA:0,(anonymous_8)
FNDA:0,(anonymous_9)
FNDA:0,(anonymous_10)
FNDA:0,(anonymous_11)
FNDA:0,(anonymous_12)
FNDA:0,(anonymous_13)
DA:1,3
DA:2,3
DA:3,3
DA:5,3
DA:7,3
DA:16,3
DA:17,0
DA:18,0
DA:19,0
DA:20,0
DA:22,0
DA:23,0
DA:26,0
DA:31,3
DA:32,0
DA:33,0
DA:34,0
DA:38,3
DA:39,0
DA:40,0
DA:43,3
LF:21
LH:9
BRF:0
BRH:0
end_of_record
TN:
SF:src/config/redis.ts
FNF:0
FNH:0
DA:1,3
DA:3,3
DA:5,3
DA:9,3
LF:4
LH:4
BRF:0
BRH:0
end_of_record
TN:
SF:src/utils/test-helper.ts
FN:29,(anonymous_8)
FN:29,(anonymous_9)
FN:38,(anonymous_10)
FN:38,(anonymous_11)
FN:47,(anonymous_12)
FN:47,(anonymous_13)
FN:55,(anonymous_14)
FN:55,(anonymous_15)
FN:64,(anonymous_16)
FN:67,(anonymous_17)
FN:77,(anonymous_18)
FN:77,(anonymous_19)
FN:86,(anonymous_20)
FN:90,(anonymous_21)
FNF:14
FNH:14
FNDA:17,(anonymous_8)
FNDA:17,(anonymous_9)
FNDA:2,(anonymous_10)
FNDA:2,(anonymous_11)
FNDA:2,(anonymous_12)
FNDA:2,(anonymous_13)
FNDA:12,(anonymous_14)
FNDA:12,(anonymous_15)
FNDA:7,(anonymous_16)
FNDA:7,(anonymous_17)
FNDA:5,(anonymous_18)
FNDA:5,(anonymous_19)
FNDA:1,(anonymous_20)
FNDA:1,(anonymous_21)
DA:1,3
DA:2,3
DA:4,3
DA:6,3
DA:12,3
DA:17,3
DA:29,17
DA:30,17
DA:35,17
DA:38,3
DA:39,2
DA:44,2
DA:47,3
DA:48,2
DA:52,2
DA:55,12
DA:56,12
DA:61,12
DA:64,3
DA:67,7
DA:68,7
DA:74,7
DA:77,5
DA:78,5
DA:83,5
DA:86,3
DA:90,1
DA:91,1
DA:97,1
DA:100,3
LF:30
LH:30
BRDA:29,0,0,17
BRDA:55,1,0,12
BRDA:66,2,0,6
BRF:3
BRH:3
end_of_record
TN:
SF:src/utils/utils.ts
FN:4,(anonymous_7)
FN:8,(anonymous_8)
FN:12,(anonymous_9)
FN:12,(anonymous_10)
FN:18,(anonymous_11)
FN:23,(anonymous_12)
FN:30,(anonymous_13)
FNF:7
FNH:5
FNDA:0,(anonymous_7)
FNDA:0,(anonymous_8)
FNDA:21,(anonymous_9)
FNDA:21,(anonymous_10)
FNDA:2,(anonymous_11)
FNDA:4,(anonymous_12)
FNDA:11,(anonymous_13)
DA:1,3
DA:4,3
DA:5,0
DA:8,3
DA:9,0
DA:12,21
DA:13,21
DA:14,21
DA:15,21
DA:18,3
DA:19,2
DA:20,2
DA:21,2
DA:23,2
DA:24,4
DA:27,2
DA:30,3
DA:31,11
DA:32,11
DA:33,11
DA:34,11
DA:35,11
DA:36,11
DA:37,11
DA:38,9
DA:39,9
LF:26
LH:24
BRDA:5,0,0,0
BRDA:5,0,1,0
BRDA:9,1,0,0
BRDA:9,1,1,0
BRDA:14,2,0,0
BRDA:24,3,0,0
BRDA:24,3,1,4
BRDA:35,4,0,0
BRDA:35,5,0,11
BRDA:35,5,1,11
BRDA:35,5,2,11
BRDA:36,6,0,0
BRDA:37,7,0,2
BRDA:38,8,0,0
BRF:14
BRH:5
end_of_record
